<?xml version="1.0" encoding="UTF-8"?>
<!-- Generated by org.testng.reporters.JUnitReportReporter -->
<testsuite hostname="ASHUTOSH-WinPC" failures="0" tests="1" name="CustomerportalTest.customerPortaltest.MainTest2" time="2.866" errors="0" timestamp="2024-05-02T15:25:04 IST" skipped="0">
  <testcase classname="CustomerportalTest.customerPortaltest.MainTest2" name="signUp" time="2.866"/>
  <system-out/>
</testsuite> <!-- CustomerportalTest.customerPortaltest.MainTest2 -->
